Y-Sz4z0QwEuM.wav
YL8dA-2Lu2hY.wav
YmW1EpJYcy_E.wav
YK2kIOBeCfuo.wav
YZ1Cyj4N05lk.wav
Y6aWnK1GyeJY.wav
YNeWW30WZjPc.wav
Y4Ujigme2IxY.wav
YAgaiowyYt88.wav
Y3XcIVh40pTI.wav
YbIiiIo20PsY.wav
YbAqgL5dCQOE.wav
YKVAIaRPry24.wav
Y5t6tSW0yT40.wav
YXIooZl1QdM4.wav
Yjj2RyNDj7no.wav
YLVvS3s9dFKw.wav
Yjlwe9jtu5Gw.wav
Y11SEBDuoqSk.wav
YHxZADVzNIqs.wav
YEBCH7TPgiPc.wav
YIKnx3hJv1bs.wav
YR4fXcbWFhJg.wav
Yrp3CQsWxVgE.wav
Y6ukYSXzfEgQ.wav
YkHIe4CfaccQ.wav
YZY4aGEniU_E.wav
Ykdflh3akyH8.wav
YUmNrhFKpWIY.wav
Y9dLLsZVRSZI.wav